2026-03-11 03:31:45 - MeisterTech :: [+] INFO     Installing missing dependencies
2026-03-11 03:31:45 - MeisterTech :: [+] INFO     Dependencies installed
2026-03-11 03:31:45 - MeisterTech :: [+] INFO     System Started
2026-03-11 03:33:36 - MeisterTech :: [+] INFO     Installing missing dependencies
2026-03-11 03:33:37 - MeisterTech :: [+] INFO     Dependencies installed
2026-03-11 03:33:37 - MeisterTech :: [+] INFO     System Started
2026-03-11 03:33:59 - MeisterTech :: [+] INFO     Installing dependencies inside .venv
2026-03-11 03:33:59 - MeisterTech :: [+] INFO     Dependencies installed successfully
2026-03-11 03:34:00 - MeisterTech :: [+] INFO     Installing missing dependencies
2026-03-11 03:34:00 - MeisterTech :: [+] INFO     Dependencies installed
2026-03-11 03:34:00 - MeisterTech :: [+] INFO     System Started
2026-03-11 03:43:03 - MeisterTech :: [+] INFO     Boot sequence started
2026-03-11 03:43:03 - MeisterTech :: [+] INFO     Installing missing dependencies
2026-03-11 03:43:03 - MeisterTech :: [+] INFO     Dependencies installed
2026-03-11 03:43:03 - MeisterTech :: [+] INFO     Initializing database
2026-03-11 03:43:03 - MeisterTech :: [+] INFO     System ready
2026-03-11 03:43:47 - MeisterTech :: [+] INFO     System stopped
2026-03-11 03:43:53 - MeisterTech :: [+] INFO     Boot sequence started
2026-03-11 03:43:53 - MeisterTech :: [+] INFO     Installing missing dependencies
2026-03-11 03:43:53 - MeisterTech :: [+] INFO     Dependencies installed
2026-03-11 03:43:53 - MeisterTech :: [+] INFO     Initializing database
2026-03-11 03:43:53 - MeisterTech :: [+] INFO     System ready
2026-03-11 03:43:56 - MeisterTech :: [+] INFO     System stopped
2026-03-11 03:45:52 - MeisterTech :: [+] INFO     Boot sequence started
2026-03-11 03:45:52 - MeisterTech :: [+] INFO     Installing missing dependencies
2026-03-11 03:45:53 - MeisterTech :: [+] INFO     Dependencies installed
2026-03-11 03:45:53 - MeisterTech :: [+] INFO     Initializing database
2026-03-11 03:45:53 - MeisterTech :: [+] INFO     System ready
2026-03-11 03:45:53 - MeisterTech :: [-] ERROR    [main] name 'print_banner' is not defined
2026-03-11 03:45:53 - MeisterTech :: [+] INFO     System stopped
2026-03-11 03:46:13 - MeisterTech :: [+] INFO     Boot sequence started
2026-03-11 03:46:13 - MeisterTech :: [+] INFO     Installing missing dependencies
2026-03-11 03:46:13 - MeisterTech :: [+] INFO     Dependencies installed
2026-03-11 03:46:13 - MeisterTech :: [+] INFO     Initializing database
2026-03-11 03:46:13 - MeisterTech :: [+] INFO     System ready
2026-03-11 03:47:26 - MeisterTech :: [+] INFO     System stopped
2026-03-11 03:47:30 - MeisterTech :: [+] INFO     Boot sequence started
2026-03-11 03:47:30 - MeisterTech :: [+] INFO     Installing missing dependencies
2026-03-11 03:47:30 - MeisterTech :: [+] INFO     Dependencies installed
2026-03-11 03:47:30 - MeisterTech :: [+] INFO     Initializing database
2026-03-11 03:47:30 - MeisterTech :: [+] INFO     System ready
2026-03-11 03:47:46 - MeisterTech :: [+] INFO     System stopped
2026-03-11 03:50:42 - MeisterTech :: [+] INFO     Boot sequence started
2026-03-11 03:50:42 - MeisterTech :: [+] INFO     Installing missing dependencies
2026-03-11 03:50:42 - MeisterTech :: [+] INFO     Dependencies installed
2026-03-11 03:50:42 - MeisterTech :: [+] INFO     Initializing database
2026-03-11 03:50:42 - MeisterTech :: [+] INFO     System ready
2026-03-11 03:50:52 - MeisterTech :: [+] INFO     Boot sequence started
2026-03-11 03:50:52 - MeisterTech :: [+] INFO     Installing dependencies inside .venv
2026-03-11 03:50:53 - MeisterTech :: [+] INFO     Dependencies installed successfully
2026-03-11 03:50:53 - MeisterTech :: [+] INFO     Boot sequence started
2026-03-11 03:50:53 - MeisterTech :: [+] INFO     Installing missing dependencies
2026-03-11 03:50:53 - MeisterTech :: [+] INFO     Dependencies installed
2026-03-11 03:50:53 - MeisterTech :: [+] INFO     Initializing database
2026-03-11 03:50:53 - MeisterTech :: [+] INFO     System ready
2026-03-11 03:50:57 - MeisterTech :: [!] WARN     Shutdown requested by user
2026-03-11 03:50:57 - MeisterTech :: [+] INFO     System stopped
2026-03-11 03:50:58 - MeisterTech :: [+] INFO     System stopped
2026-03-11 03:51:08 - MeisterTech :: [+] INFO     Boot sequence started
2026-03-11 03:51:08 - MeisterTech :: [+] INFO     Installing missing dependencies
2026-03-11 03:51:08 - MeisterTech :: [+] INFO     Dependencies installed
2026-03-11 03:51:08 - MeisterTech :: [+] INFO     Initializing database
2026-03-11 03:51:08 - MeisterTech :: [+] INFO     System ready
2026-03-11 03:51:55 - MeisterTech :: [+] INFO     Boot sequence started
2026-03-11 03:51:55 - MeisterTech :: [+] INFO     Installing dependencies inside .venv
2026-03-11 03:51:56 - MeisterTech :: [+] INFO     Dependencies installed successfully
2026-03-11 03:51:56 - MeisterTech :: [+] INFO     Boot sequence started
2026-03-11 03:51:56 - MeisterTech :: [+] INFO     Installing missing dependencies
2026-03-11 03:51:56 - MeisterTech :: [+] INFO     Dependencies installed
2026-03-11 03:51:56 - MeisterTech :: [+] INFO     Initializing database
2026-03-11 03:51:56 - MeisterTech :: [+] INFO     System ready
2026-03-11 04:03:21 - MeisterTech :: [+] INFO     System stopped
2026-03-11 04:03:47 - MeisterTech :: [+] INFO     Boot sequence started
2026-03-11 04:03:47 - MeisterTech :: [+] INFO     Installing missing dependencies
2026-03-11 04:03:47 - MeisterTech :: [+] INFO     Dependencies installed
2026-03-11 04:03:47 - MeisterTech :: [+] INFO     Initializing database
2026-03-11 04:03:47 - MeisterTech :: [+] INFO     System ready
2026-03-11 04:03:56 - MeisterTech :: [+] INFO     System stopped
2026-03-12 20:31:53 - MeisterTech :: [+] INFO     Boot sequence started
2026-03-12 20:31:53 - MeisterTech :: [+] INFO     Installing dependencies inside .venv
2026-03-12 20:31:54 - MeisterTech :: [+] INFO     Dependencies installed successfully
2026-03-12 20:31:54 - MeisterTech :: [+] INFO     Boot sequence started
2026-03-12 20:31:54 - MeisterTech :: [+] INFO     Installing missing dependencies
2026-03-12 20:31:54 - MeisterTech :: [+] INFO     Dependencies installed
2026-03-12 20:31:54 - MeisterTech :: [+] INFO     Initializing database
2026-03-12 20:31:54 - MeisterTech :: [+] INFO     System ready
2026-03-12 20:31:58 - MeisterTech :: [!] WARN     Shutdown requested by user
2026-03-12 20:31:58 - MeisterTech :: [+] INFO     System stopped
2026-03-12 20:32:15 - MeisterTech :: [+] INFO     Boot sequence started
2026-03-12 20:32:15 - MeisterTech :: [+] INFO     Installing dependencies inside .venv
2026-03-12 20:32:15 - MeisterTech :: [+] INFO     Dependencies installed successfully
2026-03-12 20:32:16 - MeisterTech :: [+] INFO     Boot sequence started
2026-03-12 20:32:16 - MeisterTech :: [+] INFO     Installing missing dependencies
2026-03-12 20:32:16 - MeisterTech :: [+] INFO     Dependencies installed
2026-03-12 20:32:16 - MeisterTech :: [+] INFO     Initializing database
2026-03-12 20:32:16 - MeisterTech :: [+] INFO     System ready
2026-03-12 20:44:23 - MeisterTech :: [+] INFO     System stopped
2026-03-12 21:16:10 - MeisterTech :: [+] INFO     Boot sequence started
2026-03-12 21:16:10 - MeisterTech :: [+] INFO     Installing dependencies inside .venv
2026-03-12 21:16:10 - MeisterTech :: [+] INFO     Dependencies installed successfully
2026-03-12 21:16:11 - MeisterTech :: [+] INFO     Boot sequence started
2026-03-12 21:16:11 - MeisterTech :: [+] INFO     Installing missing dependencies
2026-03-12 21:16:11 - MeisterTech :: [+] INFO     Dependencies installed
2026-03-12 21:16:11 - MeisterTech :: [+] INFO     Initializing database
2026-03-12 21:16:11 - MeisterTech :: [+] INFO     System ready
2026-03-12 22:08:12 - MeisterTech :: [+] INFO     System stopped
